<?xml version="1.0" encoding="UTF-8"?>
<testsuite xmlns:xsi="http://www.w3.org/2001/XMLSchema-instance" xsi:noNamespaceSchemaLocation="https://maven.apache.org/surefire/maven-surefire-plugin/xsd/surefire-test-report.xsd" name="com.maksym.PoligonosTest" time="0.006" tests="2" errors="1" skipped="0" failures="1">
  <properties>
    <property name="sun.desktop" value="windows"/>
    <property name="awt.toolkit" value="sun.awt.windows.WToolkit"/>
    <property name="java.specification.version" value="11"/>
    <property name="sun.cpu.isalist" value="amd64"/>
    <property name="sun.jnu.encoding" value="Cp1251"/>
    <property name="java.class.path" value="d:\DAW2\calculadora\target\test-classes;d:\DAW2\calculadora\target\classes;C:\Users\mikis\.m2\repository\org\junit\jupiter\junit-jupiter-api\5.7.2\junit-jupiter-api-5.7.2.jar;C:\Users\mikis\.m2\repository\org\apiguardian\apiguardian-api\1.1.0\apiguardian-api-1.1.0.jar;C:\Users\mikis\.m2\repository\org\opentest4j\opentest4j\1.2.0\opentest4j-1.2.0.jar;C:\Users\mikis\.m2\repository\org\junit\platform\junit-platform-commons\1.7.2\junit-platform-commons-1.7.2.jar;C:\Users\mikis\.m2\repository\org\junit\jupiter\junit-jupiter-engine\5.7.2\junit-jupiter-engine-5.7.2.jar;C:\Users\mikis\.m2\repository\org\junit\platform\junit-platform-engine\1.7.2\junit-platform-engine-1.7.2.jar;C:\Users\mikis\.m2\repository\org\hamcrest\hamcrest\2.2\hamcrest-2.2.jar;"/>
    <property name="java.vm.vendor" value="Oracle Corporation"/>
    <property name="sun.arch.data.model" value="64"/>
    <property name="user.variant" value=""/>
    <property name="java.vendor.url" value="https://openjdk.java.net/"/>
    <property name="user.timezone" value="Europe/Paris"/>
    <property name="java.vm.specification.version" value="11"/>
    <property name="os.name" value="Windows 10"/>
    <property name="sun.java.launcher" value="SUN_STANDARD"/>
    <property name="user.country" value="ES"/>
    <property name="sun.boot.library.path" value="C:\Program Files\Java\jdk-11.0.14\bin"/>
    <property name="sun.java.command" value="C:\Users\mikis\AppData\Local\Temp\surefire17447433875483289720\surefirebooter15631428999235999406.jar C:\Users\mikis\AppData\Local\Temp\surefire17447433875483289720 2022-02-26T15-55-39_939-jvmRun1 surefire7759465196051426895tmp surefire_03346975981068447963tmp"/>
    <property name="jdk.debug" value="release"/>
    <property name="surefire.test.class.path" value="d:\DAW2\calculadora\target\test-classes;d:\DAW2\calculadora\target\classes;C:\Users\mikis\.m2\repository\org\junit\jupiter\junit-jupiter-api\5.7.2\junit-jupiter-api-5.7.2.jar;C:\Users\mikis\.m2\repository\org\apiguardian\apiguardian-api\1.1.0\apiguardian-api-1.1.0.jar;C:\Users\mikis\.m2\repository\org\opentest4j\opentest4j\1.2.0\opentest4j-1.2.0.jar;C:\Users\mikis\.m2\repository\org\junit\platform\junit-platform-commons\1.7.2\junit-platform-commons-1.7.2.jar;C:\Users\mikis\.m2\repository\org\junit\jupiter\junit-jupiter-engine\5.7.2\junit-jupiter-engine-5.7.2.jar;C:\Users\mikis\.m2\repository\org\junit\platform\junit-platform-engine\1.7.2\junit-platform-engine-1.7.2.jar;C:\Users\mikis\.m2\repository\org\hamcrest\hamcrest\2.2\hamcrest-2.2.jar;"/>
    <property name="sun.cpu.endian" value="little"/>
    <property name="user.home" value="C:\Users\mikis"/>
    <property name="user.language" value="es"/>
    <property name="java.specification.vendor" value="Oracle Corporation"/>
    <property name="java.version.date" value="2022-01-18"/>
    <property name="java.home" value="C:\Program Files\Java\jdk-11.0.14"/>
    <property name="file.separator" value="\"/>
    <property name="basedir" value="d:\DAW2\calculadora"/>
    <property name="java.vm.compressedOopsMode" value="Zero based"/>
    <property name="line.separator" value="&#10;"/>
    <property name="java.specification.name" value="Java Platform API Specification"/>
    <property name="java.vm.specification.vendor" value="Oracle Corporation"/>
    <property name="java.awt.graphicsenv" value="sun.awt.Win32GraphicsEnvironment"/>
    <property name="surefire.real.class.path" value="C:\Users\mikis\AppData\Local\Temp\surefire17447433875483289720\surefirebooter15631428999235999406.jar"/>
    <property name="user.script" value=""/>
    <property name="sun.management.compiler" value="HotSpot 64-Bit Tiered Compilers"/>
    <property name="java.runtime.version" value="11.0.14+8-LTS-263"/>
    <property name="user.name" value="mikis"/>
    <property name="path.separator" value=";"/>
    <property name="os.version" value="10.0"/>
    <property name="java.runtime.name" value="Java(TM) SE Runtime Environment"/>
    <property name="file.encoding" value="Cp1251"/>
    <property name="java.vm.name" value="Java HotSpot(TM) 64-Bit Server VM"/>
    <property name="java.vendor.version" value="18.9"/>
    <property name="localRepository" value="C:\Users\mikis\.m2\repository"/>
    <property name="java.vendor.url.bug" value="https://bugreport.java.com/bugreport/"/>
    <property name="java.io.tmpdir" value="C:\Users\mikis\AppData\Local\Temp\"/>
    <property name="java.version" value="11.0.14"/>
    <property name="user.dir" value="d:\DAW2\calculadora"/>
    <property name="os.arch" value="amd64"/>
    <property name="java.vm.specification.name" value="Java Virtual Machine Specification"/>
    <property name="java.awt.printerjob" value="sun.awt.windows.WPrinterJob"/>
    <property name="sun.os.patch.level" value=""/>
    <property name="java.library.path" value="C:\Program Files\Java\jdk-11.0.14\bin;C:\Windows\Sun\Java\bin;C:\Windows\system32;C:\Windows;C:\Program Files\Common Files\Oracle\Java\javapath;C:\Python310\Scripts\;C:\Python310\;C:\ProgramData\Oracle\Java\javapath;C:\Program Files (x86)\Common Files\Oracle\Java\javapath;C:\Windows\system32;C:\Windows;C:\Windows\System32\Wbem;C:\Windows\System32\WindowsPowerShell\v1.0\;C:\Windows\System32\OpenSSH\;D:\AutoFirma\AutoFirma;C:\Program Files (x86)\NVIDIA Corporation\PhysX\Common;C:\Program Files\NVIDIA Corporation\NVIDIA NvDLISR;D:\Programacion\Git\cmd;C:\Program Files\AutoFirma\AutoFirma;C:\ProgramData\chocolatey\bin;D:\nodejs\;D:\xampp\php;C:\ProgramData\ComposerSetup\bin;C:\Program Files\Java\jdk-11.0.14\bin;C:\Users\mikis\AppData\Local\Microsoft\WindowsApps;D:\Programas\Microsoft VS Code\bin;C:\Program Files\MySQL\MySQL Server 8.0\bin;C:\Users\mikis\AppData\Local\GitHubDesktop\bin;C:\Users\mikis\AppData\Roaming\npm;C:\Users\mikis\AppData\Roaming\Composer\vendor\bin;;."/>
    <property name="java.vendor" value="Oracle Corporation"/>
    <property name="java.vm.info" value="mixed mode"/>
    <property name="java.vm.version" value="11.0.14+8-LTS-263"/>
    <property name="sun.io.unicode.encoding" value="UnicodeLittle"/>
    <property name="java.class.version" value="55.0"/>
  </properties>
  <testcase name="testPoligono" classname="com.maksym.PoligonosTest" time="0.001">
    <error type="java.util.NoSuchElementException">java.util.NoSuchElementException
	at com.maksym.PoligonosTest.testPoligono(PoligonosTest.java:57)
</error>
  </testcase>
  <testcase name="testEcuacion1ºgrad" classname="com.maksym.PoligonosTest" time="0">
    <failure message="&#10;Expected: a string containing &quot;La solución es: 6&quot;&#10;     but: was &quot;0 para salir&#10;1 Aritm?tica b?sica&#10;2 ?rea pol?gonos regulares.&#10;3 Teorema de Pit?goras&#10;4 Ecuaciones 1? grado&#10;5 Ecuaciones 2? grado&#10;6 Ecuaciones superior al 2? grado&#10;Introduzca una opci?n: Introduzca el coeficiente grado 1: &#10;Introduzca el termino independiente: &#10;La soluci?n es: 6&#10;0 para salir&#10;1 Aritm?tica b?sica&#10;2 ?rea pol?gonos regulares.&#10;3 Teorema de Pit?goras&#10;4 Ecuaciones 1? grado&#10;5 Ecuaciones 2? grado&#10;6 Ecuaciones superior al 2? grado&#10;Introduzca una opci?n: &quot;" type="java.lang.AssertionError">java.lang.AssertionError: 

Expected: a string containing "La solución es: 6"
     but: was "0 para salir
1 Aritm?tica b?sica
2 ?rea pol?gonos regulares.
3 Teorema de Pit?goras
4 Ecuaciones 1? grado
5 Ecuaciones 2? grado
6 Ecuaciones superior al 2? grado
Introduzca una opci?n: Introduzca el coeficiente grado 1: 
Introduzca el termino independiente: 
La soluci?n es: 6
0 para salir
1 Aritm?tica b?sica
2 ?rea pol?gonos regulares.
3 Teorema de Pit?goras
4 Ecuaciones 1? grado
5 Ecuaciones 2? grado
6 Ecuaciones superior al 2? grado
Introduzca una opci?n: "
	at com.maksym.PoligonosTest.testEcuacion1ºgrad(PoligonosTest.java:47)
</failure>
  </testcase>
</testsuite>